2024-08-12 21:47:38,604 INFO Set uid to user 1000 succeeded
2024-08-12 21:47:38,606 INFO supervisord started with pid 1
2024-08-12 21:47:39,610 INFO spawned: 'supercronic' with pid 17
2024-08-12 21:47:39,644 WARN exited: supercronic (exit status 1; not expected)
2024-08-12 21:47:40,649 INFO spawned: 'supercronic' with pid 23
2024-08-12 21:47:40,685 WARN exited: supercronic (exit status 1; not expected)
2024-08-12 21:47:42,691 INFO spawned: 'supercronic' with pid 29
2024-08-12 21:47:42,702 WARN exited: supercronic (exit status 1; not expected)
2024-08-12 21:47:45,709 INFO spawned: 'supercronic' with pid 35
2024-08-12 21:47:45,721 WARN exited: supercronic (exit status 1; not expected)
2024-08-12 21:47:46,723 INFO gave up: supercronic entered FATAL state, too many start retries too quickly
2024-08-12 22:23:56,166 WARN received SIGTERM indicating exit request
2024-08-12 22:23:56,875 INFO Set uid to user 1000 succeeded
2024-08-12 22:23:56,877 INFO supervisord started with pid 1
2024-08-12 22:23:57,881 INFO spawned: 'supercronic' with pid 7
2024-08-12 22:23:57,893 WARN exited: supercronic (exit status 1; not expected)
2024-08-12 22:23:58,896 INFO spawned: 'supercronic' with pid 13
2024-08-12 22:23:58,907 WARN exited: supercronic (exit status 1; not expected)
2024-08-12 22:24:00,912 INFO spawned: 'supercronic' with pid 19
2024-08-12 22:24:00,934 WARN exited: supercronic (exit status 1; not expected)
2024-08-12 22:24:03,941 INFO spawned: 'supercronic' with pid 25
2024-08-12 22:24:03,976 WARN exited: supercronic (exit status 1; not expected)
2024-08-12 22:24:04,978 INFO gave up: supercronic entered FATAL state, too many start retries too quickly
2024-08-13 00:16:17,855 WARN received SIGTERM indicating exit request
